10/15/2018 3:52:55 PM
----- Object reference not set to an instance of an object.
----- 
------------------------------------
10/17/2018 11:28:40 PM
----- Column 'enums' does not belong to table .
----- 
------------------------------------
10/17/2018 11:45:45 PM
----- Column 'enums' does not belong to table .
----- 
------------------------------------
10/17/2018 11:45:47 PM
----- Column 'enums' does not belong to table .
----- 
------------------------------------
10/17/2018 11:45:58 PM
----- Column 'enums' does not belong to table .
----- 
------------------------------------
10/18/2018 12:10:44 AM
----- Object reference not set to an instance of an object.
----- 
------------------------------------
10/18/2018 10:52:13 AM
----- Object reference not set to an instance of an object.
----- 
------------------------------------
10/18/2018 11:58:08 AM
----- Object reference not set to an instance of an object.
----- 
------------------------------------
10/18/2018 11:58:10 AM
----- Object reference not set to an instance of an object.
----- 
------------------------------------
10/18/2018 1:09:38 PM
----- Object reference not set to an instance of an object.
----- 
------------------------------------
10/18/2018 1:09:40 PM
----- Object reference not set to an instance of an object.
----- 
------------------------------------
10/18/2018 1:16:30 PM
----- Object reference not set to an instance of an object.
----- 
------------------------------------
10/22/2018 3:16:58 PM
----- Login failed for user 'mwhitfield2331'.
----- 
------------------------------------
10/23/2018 9:34:16 AM
----- Object reference not set to an instance of an object.
----- 
------------------------------------
10/23/2018 9:34:37 AM
----- Object reference not set to an instance of an object.
----- 
------------------------------------
10/23/2018 9:38:57 AM
----- Object reference not set to an instance of an object.
----- 
------------------------------------
10/23/2018 9:43:01 AM
----- Object reference not set to an instance of an object.
----- 
------------------------------------
10/23/2018 9:43:34 AM
----- Object reference not set to an instance of an object.
----- 
------------------------------------
10/24/2018 1:50:39 PM
----- Value cannot be null.
Parameter name: input
----- 
------------------------------------
12/6/2018 12:04:56 PM
----- Value cannot be null.
Parameter name: dataGridRow
----- 
------------------------------------
12/6/2018 12:05:33 PM
----- Value cannot be null.
Parameter name: dataGridRow
----- 
------------------------------------
12/6/2018 12:05:37 PM
----- Value cannot be null.
Parameter name: dataGridRow
----- 
------------------------------------
1/17/2019 3:52:41 PM
----- The file 'C:\TEMP\text.txt' already exists.
----- 
------------------------------------
2/13/2019 1:52:18 PM
----- The network path was not found
----- 
------------------------------------
